
  .   ____          _            __ _ _
 /\\ / ___'_ __ _ _(_)_ __  __ _ \ \ \ \
( ( )\___ | '_ | '_| | '_ \/ _` | \ \ \ \
 \\/  ___)| |_)| | | | | || (_| |  ) ) ) )
  '  |____| .__|_| |_|_| |_\__, | / / / /
 =========|_|==============|___/=/_/_/_/

 :: Spring Boot ::                (v4.0.4)

2026-04-24T00:50:42.832+05:30  INFO 28096 --- [billingmanagement] [           main] c.a.b.BillingmanagementApplication       : Starting BillingmanagementApplication v0.0.1-SNAPSHOT using Java 23.0.1 with PID 28096 (C:\Users\yprab\Downloads\EPAM_JAVA_PROJECT\EPAM_JAVA_PROJECT-main\backend\target\billingmanagement-0.0.1-SNAPSHOT.jar started by yprab in C:\Users\yprab\Downloads\EPAM_JAVA_PROJECT\EPAM_JAVA_PROJECT-main\backend)
2026-04-24T00:50:42.844+05:30  INFO 28096 --- [billingmanagement] [           main] c.a.b.BillingmanagementApplication       : No active profile set, falling back to 1 default profile: "default"
2026-04-24T00:50:46.116+05:30  INFO 28096 --- [billingmanagement] [           main] .s.d.r.c.RepositoryConfigurationDelegate : Bootstrapping Spring Data JPA repositories in DEFAULT mode.
2026-04-24T00:50:46.200+05:30  INFO 28096 --- [billingmanagement] [           main] .s.d.r.c.RepositoryConfigurationDelegate : Finished Spring Data repository scanning in 62 ms. Found 1 JPA repository interface.
2026-04-24T00:50:47.363+05:30  INFO 28096 --- [billingmanagement] [           main] o.s.boot.tomcat.TomcatWebServer          : Tomcat initialized with port 8080 (http)
2026-04-24T00:50:47.385+05:30  INFO 28096 --- [billingmanagement] [           main] o.apache.catalina.core.StandardService   : Starting service [Tomcat]
2026-04-24T00:50:47.386+05:30  INFO 28096 --- [billingmanagement] [           main] o.apache.catalina.core.StandardEngine    : Starting Servlet engine: [Apache Tomcat/11.0.18]
2026-04-24T00:50:47.457+05:30  INFO 28096 --- [billingmanagement] [           main] b.w.c.s.WebApplicationContextInitializer : Root WebApplicationContext: initialization completed in 4491 ms
2026-04-24T00:50:47.859+05:30  INFO 28096 --- [billingmanagement] [           main] org.hibernate.orm.jpa                    : HHH008540: Processing PersistenceUnitInfo [name: default]
2026-04-24T00:50:47.961+05:30  INFO 28096 --- [billingmanagement] [           main] org.hibernate.orm.core                   : HHH000001: Hibernate ORM core version 7.2.7.Final
2026-04-24T00:50:48.828+05:30  INFO 28096 --- [billingmanagement] [           main] o.s.o.j.p.SpringPersistenceUnitInfo      : No LoadTimeWeaver setup: ignoring JPA class transformer
2026-04-24T00:50:48.900+05:30  INFO 28096 --- [billingmanagement] [           main] com.zaxxer.hikari.HikariDataSource       : HikariPool-1 - Starting...
2026-04-24T00:50:49.253+05:30  INFO 28096 --- [billingmanagement] [           main] com.zaxxer.hikari.pool.HikariPool        : HikariPool-1 - Added connection conn0: url=jdbc:h2:mem:testdb user=SA
2026-04-24T00:50:49.257+05:30  INFO 28096 --- [billingmanagement] [           main] com.zaxxer.hikari.HikariDataSource       : HikariPool-1 - Start completed.
2026-04-24T00:50:49.341+05:30  INFO 28096 --- [billingmanagement] [           main] org.hibernate.orm.connections.pooling    : HHH10001005: Database info:
	Database JDBC URL [jdbc:h2:mem:testdb]
	Database driver: H2 JDBC Driver
	Database dialect: H2Dialect
	Database version: 2.4.240
	Default catalog/schema: TESTDB/PUBLIC
	Autocommit mode: undefined/unknown
	Isolation level: READ_COMMITTED [default READ_COMMITTED]
	JDBC fetch size: 100
	Pool: DataSourceConnectionProvider
	Minimum pool size: undefined/unknown
	Maximum pool size: undefined/unknown
2026-04-24T00:50:50.458+05:30  INFO 28096 --- [billingmanagement] [           main] org.hibernate.orm.core                   : HHH000489: No JTA platform available (set 'hibernate.transaction.jta.platform' to enable JTA platform integration)
2026-04-24T00:50:50.529+05:30  INFO 28096 --- [billingmanagement] [           main] j.LocalContainerEntityManagerFactoryBean : Initialized JPA EntityManagerFactory for persistence unit 'default'
2026-04-24T00:50:50.750+05:30  INFO 28096 --- [billingmanagement] [           main] o.s.d.j.r.query.QueryEnhancerFactories   : Hibernate is in classpath; If applicable, HQL parser will be used.
2026-04-24T00:50:52.164+05:30  WARN 28096 --- [billingmanagement] [           main] JpaBaseConfiguration$JpaWebConfiguration : spring.jpa.open-in-view is enabled by default. Therefore, database queries may be performed during view rendering. Explicitly configure spring.jpa.open-in-view to disable this warning
2026-04-24T00:50:54.014+05:30  WARN 28096 --- [billingmanagement] [           main] ConfigServletWebServerApplicationContext : Exception encountered during context initialization - cancelling refresh attempt: org.springframework.context.ApplicationContextException: Failed to start bean 'webServerStartStop'
2026-04-24T00:50:54.021+05:30  INFO 28096 --- [billingmanagement] [           main] j.LocalContainerEntityManagerFactoryBean : Closing JPA EntityManagerFactory for persistence unit 'default'
2026-04-24T00:50:54.029+05:30  INFO 28096 --- [billingmanagement] [           main] com.zaxxer.hikari.HikariDataSource       : HikariPool-1 - Shutdown initiated...
2026-04-24T00:50:54.037+05:30  INFO 28096 --- [billingmanagement] [           main] com.zaxxer.hikari.HikariDataSource       : HikariPool-1 - Shutdown completed.
2026-04-24T00:50:54.084+05:30  INFO 28096 --- [billingmanagement] [           main] .s.b.a.l.ConditionEvaluationReportLogger : 

Error starting ApplicationContext. To display the condition evaluation report re-run your application with 'debug' enabled.
2026-04-24T00:50:54.131+05:30 ERROR 28096 --- [billingmanagement] [           main] o.s.b.d.LoggingFailureAnalysisReporter   : 

***************************
APPLICATION FAILED TO START
***************************

Description:

Web server failed to start. Port 8080 was already in use.

Action:

Identify and stop the process that's listening on port 8080 or configure this application to listen on another port.

